<?xml version="1.0" encoding="UTF-8"?>
<testsuite name="onboarding.ApplicationTest$Problem4Test" tests="1" skipped="0" failures="0" errors="0" timestamp="2022-10-31T08:26:48" hostname="choehantaeui-MacBookPro.local" time="0.02">
  <properties/>
  <testcase name="case1()" classname="onboarding.ApplicationTest$Problem4Test" time="0.02"/>
  <system-out><![CDATA[]]></system-out>
  <system-err><![CDATA[]]></system-err>
</testsuite>
