<?xml version="1.0" encoding="UTF-8"?>
<testsuite name="onboarding.ApplicationTest$Problem2Test" tests="2" skipped="0" failures="0" errors="0" timestamp="2022-10-31T08:26:48" hostname="choehantaeui-MacBookPro.local" time="0.01">
  <properties/>
  <testcase name="case1()" classname="onboarding.ApplicationTest$Problem2Test" time="0.008"/>
  <testcase name="case2()" classname="onboarding.ApplicationTest$Problem2Test" time="0.001"/>
  <system-out><![CDATA[]]></system-out>
  <system-err><![CDATA[]]></system-err>
</testsuite>
