<?xml version="1.0" encoding="UTF-8"?>
<testsuite name="onboarding.ApplicationTest$Problem7Test" tests="1" skipped="0" failures="0" errors="0" timestamp="2022-10-31T08:26:48" hostname="choehantaeui-MacBookPro.local" time="0.094">
  <properties/>
  <testcase name="case1()" classname="onboarding.ApplicationTest$Problem7Test" time="0.094"/>
  <system-out><![CDATA[]]></system-out>
  <system-err><![CDATA[]]></system-err>
</testsuite>
